0 info it worked if it ends with ok
1 verbose cli [ 'C:\\Program Files\\nodejs\\node.exe',
1 verbose cli   'C:\\Program Files\\nodejs\\node_modules\\npm\\bin\\npm-cli.js',
1 verbose cli   'install',
1 verbose cli   'https://github.com/mapsplugin/cordova-plugin-googlemaps-sdk.git#2.7.0',
1 verbose cli   '--production',
1 verbose cli   '--save' ]
2 info using npm@3.10.10
3 info using node@v6.11.4
4 silly loadCurrentTree Starting
5 silly install loadCurrentTree
6 silly install readLocalPackageData
7 silly fetchPackageMetaData https://github.com/mapsplugin/cordova-plugin-googlemaps-sdk.git#2.7.0
8 silly fetchOtherPackageData https://github.com/mapsplugin/cordova-plugin-googlemaps-sdk.git#2.7.0
9 silly cache add args [ 'https://github.com/mapsplugin/cordova-plugin-googlemaps-sdk.git#2.7.0',
9 silly cache add   null ]
10 verbose cache add spec https://github.com/mapsplugin/cordova-plugin-googlemaps-sdk.git#2.7.0
11 silly cache add parsed spec Result {
11 silly cache add   raw: 'https://github.com/mapsplugin/cordova-plugin-googlemaps-sdk.git#2.7.0',
11 silly cache add   scope: null,
11 silly cache add   escapedName: null,
11 silly cache add   name: null,
11 silly cache add   rawSpec: 'https://github.com/mapsplugin/cordova-plugin-googlemaps-sdk.git#2.7.0',
11 silly cache add   spec: 'git+https://github.com/mapsplugin/cordova-plugin-googlemaps-sdk.git#2.7.0',
11 silly cache add   type: 'hosted',
11 silly cache add   hosted:
11 silly cache add    { type: 'github',
11 silly cache add      ssh: 'git@github.com:mapsplugin/cordova-plugin-googlemaps-sdk.git#2.7.0',
11 silly cache add      sshUrl: 'git+ssh://git@github.com/mapsplugin/cordova-plugin-googlemaps-sdk.git#2.7.0',
11 silly cache add      httpsUrl: 'git+https://github.com/mapsplugin/cordova-plugin-googlemaps-sdk.git#2.7.0',
11 silly cache add      gitUrl: 'git://github.com/mapsplugin/cordova-plugin-googlemaps-sdk.git#2.7.0',
11 silly cache add      shortcut: 'github:mapsplugin/cordova-plugin-googlemaps-sdk#2.7.0',
11 silly cache add      directUrl: 'https://raw.githubusercontent.com/mapsplugin/cordova-plugin-googlemaps-sdk/2.7.0/package.json' } }
12 verbose addRemoteGit caching https://github.com/mapsplugin/cordova-plugin-googlemaps-sdk.git#2.7.0
13 verbose addRemoteGit git+https://github.com/mapsplugin/cordova-plugin-googlemaps-sdk.git#2.7.0 is a repository hosted by github
14 silly tryClone cloning git+https://github.com/mapsplugin/cordova-plugin-googlemaps-sdk.git#2.7.0 via git+https://github.com/mapsplugin/cordova-plugin-googlemaps-sdk.git#2.7.0
15 verbose tryClone git-https-github-com-mapsplugin-cordova-plugin-googlemaps-sdk-git-2-7-0-324aac43 not in flight; caching
16 verbose correctMkdir C:\Users\olvrd\AppData\Roaming\npm-cache\_git-remotes correctMkdir not in flight; initializing
17 error git clone --template=C:\Users\olvrd\AppData\Roaming\npm-cache\_git-remotes\_templates --mirror https://github.com/mapsplugin/cordova-plugin-googlemaps-sdk.git C:\Users\olvrd\AppData\Roaming\npm-cache\_git-remotes\git-https-github-com-mapsplugin-cordova-plugin-googlemaps-sdk-git-2-7-0-324aac43: undefined
17 error git clone --template=C:\Users\olvrd\AppData\Roaming\npm-cache\_git-remotes\_templates --mirror https://github.com/mapsplugin/cordova-plugin-googlemaps-sdk.git C:\Users\olvrd\AppData\Roaming\npm-cache\_git-remotes\git-https-github-com-mapsplugin-cordova-plugin-googlemaps-sdk-git-2-7-0-324aac43: undefined
18 silly fetchPackageMetaData Error: not found: git
18 silly fetchPackageMetaData     at getNotFoundError (C:\Program Files\nodejs\node_modules\npm\node_modules\which\which.js:14:12)
18 silly fetchPackageMetaData     at F (C:\Program Files\nodejs\node_modules\npm\node_modules\which\which.js:69:19)
18 silly fetchPackageMetaData     at E (C:\Program Files\nodejs\node_modules\npm\node_modules\which\which.js:81:29)
18 silly fetchPackageMetaData     at C:\Program Files\nodejs\node_modules\npm\node_modules\which\which.js:90:16
18 silly fetchPackageMetaData     at C:\Program Files\nodejs\node_modules\npm\node_modules\which\node_modules\isexe\index.js:44:5
18 silly fetchPackageMetaData     at C:\Program Files\nodejs\node_modules\npm\node_modules\which\node_modules\isexe\windows.js:29:5
18 silly fetchPackageMetaData     at C:\Program Files\nodejs\node_modules\npm\node_modules\graceful-fs\polyfills.js:264:29
18 silly fetchPackageMetaData     at FSReqWrap.oncomplete (fs.js:123:15)
18 silly fetchPackageMetaData  error for https://github.com/mapsplugin/cordova-plugin-googlemaps-sdk.git#2.7.0 { Error: not found: git
18 silly fetchPackageMetaData     at getNotFoundError (C:\Program Files\nodejs\node_modules\npm\node_modules\which\which.js:14:12)
18 silly fetchPackageMetaData     at F (C:\Program Files\nodejs\node_modules\npm\node_modules\which\which.js:69:19)
18 silly fetchPackageMetaData     at E (C:\Program Files\nodejs\node_modules\npm\node_modules\which\which.js:81:29)
18 silly fetchPackageMetaData     at C:\Program Files\nodejs\node_modules\npm\node_modules\which\which.js:90:16
18 silly fetchPackageMetaData     at C:\Program Files\nodejs\node_modules\npm\node_modules\which\node_modules\isexe\index.js:44:5
18 silly fetchPackageMetaData     at C:\Program Files\nodejs\node_modules\npm\node_modules\which\node_modules\isexe\windows.js:29:5
18 silly fetchPackageMetaData     at C:\Program Files\nodejs\node_modules\npm\node_modules\graceful-fs\polyfills.js:264:29
18 silly fetchPackageMetaData     at FSReqWrap.oncomplete (fs.js:123:15) code: 'ENOGIT' }
19 silly rollbackFailedOptional Starting
20 silly rollbackFailedOptional Finishing
21 silly runTopLevelLifecycles Finishing
22 silly install printInstalled
23 verbose stack Error: not found: git
23 verbose stack     at getNotFoundError (C:\Program Files\nodejs\node_modules\npm\node_modules\which\which.js:14:12)
23 verbose stack     at F (C:\Program Files\nodejs\node_modules\npm\node_modules\which\which.js:69:19)
23 verbose stack     at E (C:\Program Files\nodejs\node_modules\npm\node_modules\which\which.js:81:29)
23 verbose stack     at C:\Program Files\nodejs\node_modules\npm\node_modules\which\which.js:90:16
23 verbose stack     at C:\Program Files\nodejs\node_modules\npm\node_modules\which\node_modules\isexe\index.js:44:5
23 verbose stack     at C:\Program Files\nodejs\node_modules\npm\node_modules\which\node_modules\isexe\windows.js:29:5
23 verbose stack     at C:\Program Files\nodejs\node_modules\npm\node_modules\graceful-fs\polyfills.js:264:29
23 verbose stack     at FSReqWrap.oncomplete (fs.js:123:15)
24 verbose cwd C:\Users\olvrd\Desktop\colisclub1605\colisclub
25 error Windows_NT 10.0.17134
26 error argv "C:\\Program Files\\nodejs\\node.exe" "C:\\Program Files\\nodejs\\node_modules\\npm\\bin\\npm-cli.js" "install" "https://github.com/mapsplugin/cordova-plugin-googlemaps-sdk.git#2.7.0" "--production" "--save"
27 error node v6.11.4
28 error npm  v3.10.10
29 error code ENOGIT
30 error not found: git
31 error Failed using git.
31 error This is most likely not a problem with npm itself.
31 error Please check if you have git installed and in your PATH.
32 verbose exit [ 1, true ]
